#
# A fatal error has been detected by the Java Runtime Environment:
#
#  EXCEPTION_ACCESS_VIOLATION (0xc0000005) at pc=0x00007ffde8d3fc6b, pid=33828, tid=20392
#
# JRE version: Java(TM) SE Runtime Environment (11.0.1+13) (build 11.0.1+13-LTS)
# Java VM: Java HotSpot(TM) 64-Bit Server VM (11.0.1+13-LTS, mixed mode, tiered, compressed oops, g1 gc, windows-amd64)
# Problematic frame:
# V  [jvm.dll+0x6bfc6b]
#
# No core dump will be written. Minidumps are not enabled by default on client versions of Windows
#
# If you would like to submit a bug report, please visit:
#   http://bugreport.java.com/bugreport/crash.jsp
#

---------------  S U M M A R Y ------------

Command Line: -agentlib:jdwp=transport=dt_socket,suspend=y,address=localhost:52242 -ea -javaagent:C:\Users\91955\.eclipse\org.springsource.sts_3.9.7.RELEASE_1874418634_win32_win32_x86_64\configuration\org.eclipse.osgi\306\0\.cp\lib\javaagent-shaded.jar -Dfile.encoding=UTF-8 org.eclipse.jdt.internal.junit.runner.RemoteTestRunner -version 3 -port 52241 -testLoaderClass org.eclipse.jdt.internal.junit4.runner.JUnit4TestLoader -loaderpluginname org.eclipse.jdt.junit4.runtime -test com.csv.CsvApplicationTests:testCsvReadResource

Host: Intel(R) Core(TM) i5-8250U CPU @ 1.60GHz, 8 cores, 7G,  Windows 10 , 64 bit Build 17763 (10.0.17763.437)
Time: Sun May  5 20:48:45 2019 India Standard Time elapsed time: 633 seconds (0d 0h 10m 33s)

---------------  T H R E A D  ---------------

Current thread (0x0000021551e05000):  VMThread "VM Thread" [stack: 0x0000005acd200000,0x0000005acd300000] [id=20392]

Stack: [0x0000005acd200000,0x0000005acd300000],  sp=0x0000005acd2fe9d0,  free space=1018k
Native frames: (J=compiled Java code, j=interpreted, Vv=VM code, C=native code)
V  [jvm.dll+0x6bfc6b]
V  [jvm.dll+0x344753]
V  [jvm.dll+0x346699]
V  [jvm.dll+0x346f1e]
V  [jvm.dll+0x3443bc]
V  [jvm.dll+0x343662]
V  [jvm.dll+0x62b355]
V  [jvm.dll+0x62b0dd]
V  [jvm.dll+0x5f0b9a]
V  [jvm.dll+0x503ec7]
V  [jvm.dll+0x78178c]
V  [jvm.dll+0x77fc47]
V  [jvm.dll+0x780470]
V  [jvm.dll+0x78077f]
V  [jvm.dll+0x63b2b2]
C  [ucrtbase.dll+0x21ffa]
C  [KERNEL32.DLL+0x17974]
C  [ntdll.dll+0x6a271]


siginfo: EXCEPTION_ACCESS_VIOLATION (0xc0000005), reading address 0x0000000000000006


Register to memory mapping:

RIP=0x00007ffde8d3fc6b jvm.dll
RAX=0x0000005acd2fea60 points into unknown readable memory
RBX=0x0000005acd2fea30 points into unknown readable memory
RCX=0x0 is NULL
RDX=0x0 is NULL
RSP=0x0000005acd2fe9d0 points into unknown readable memory
RBP=0x0000005acd2fef40 points into unknown readable memory
RSI=0x0 is NULL
RDI=0x0 is NULL
R8 =0x0 is NULL
R9 =0x00000215536d1350 is pointing into metadata
R10=0x00007ffde8680000 jvm.dll
R11=0x0000005acd2fee90 points into unknown readable memory
R12=0x0000021551dc1a80 points into unknown readable memory
R13=0x0 is NULL
R14=0x00000215536d1e69 is pointing into metadata
R15=0x00000000000000ae is an unknown value


Registers:
RAX=0x0000005acd2fea60, RBX=0x0000005acd2fea30, RCX=0x0000000000000000, RDX=0x0000000000000000
RSP=0x0000005acd2fe9d0, RBP=0x0000005acd2fef40, RSI=0x0000000000000000, RDI=0x0000000000000000
R8 =0x0000000000000000, R9 =0x00000215536d1350, R10=0x00007ffde8680000, R11=0x0000005acd2fee90
R12=0x0000021551dc1a80, R13=0x0000000000000000, R14=0x00000215536d1e69, R15=0x00000000000000ae
RIP=0x00007ffde8d3fc6b, EFLAGS=0x0000000000010246

Top of Stack: (sp=0x0000005acd2fe9d0)
0x0000005acd2fe9d0:   0000005acd2fea30 0000000000000000
0x0000005acd2fe9e0:   0000000000000800 00007ffde8d401eb
0x0000005acd2fe9f0:   0000000000000000 00007ffde89c4753
0x0000005acd2fea00:   0000000000000000 0000005acd2ff0b0
0x0000005acd2fea10:   0000005acd2fefe0 00007ffde8d3f9aa
0x0000005acd2fea20:   0000005acd2fea80 0000000000000010
0x0000005acd2fea30:   00007ffde8f15c08 0000000000000000
0x0000005acd2fea40:   0000000000000000 00007ffd0000000e
0x0000005acd2fea50:   0000005acd2fea60 0000005a00000000
0x0000005acd2fea60:   0000000000000000 0000021500000000
0x0000005acd2fea70:   4fffffff4fffffff 00000000000001f9
0x0000005acd2fea80:   00007ffde8f15c08 0000021553d66f00
0x0000005acd2fea90:   0000000000000012 00007ffd0000000c
0x0000005acd2feaa0:   0000005acd2feac0 00007ffe5f2535b5
0x0000005acd2feab0:   0000005acd2fec00 00007ffde8d401eb
0x0000005acd2feac0:   4fffffff4fffffff 4fffffff4fffffff 

Instructions: (pc=0x00007ffde8d3fc6b)
0x00007ffde8d3fc4b:   cc cc cc cc cc 40 53 48 83 ec 20 c7 41 10 00 00
0x00007ffde8d3fc5b:   00 00 48 8b d9 48 89 7c 24 38 48 8b 79 08 33 c9
0x00007ffde8d3fc6b:   80 7f 06 28 74 26 44 8d 49 28 8d 51 35 48 8d 0d
0x00007ffde8d3fc7b:   b1 45 22 00 4c 8d 05 9a 45 22 00 e8 85 28 ba ff 


VM_Operation (0x0000005acdcff3f0): GetOrSetLocal, mode: safepoint, requested by thread 0x0000021552b5a000


---------------  P R O C E S S  ---------------

Threads class SMR info:
_java_thread_list=0x00000215545e7e00, length=14, elements={
0x0000021533206800, 0x0000021551e07000, 0x0000021551e14800, 0x0000021552696800,
0x0000021552697000, 0x000002155269a000, 0x000002155264c000, 0x000002155264f000,
0x0000021551dc2800, 0x0000021552b5a000, 0x0000021552963800, 0x0000021552965000,
0x0000021552d5a000, 0x0000021552da9000
}

Java Threads: ( => current thread )
  0x0000021533206800 JavaThread "main" [_thread_blocked, id=16776, stack(0x0000005accc00000,0x0000005accd00000)]
  0x0000021551e07000 JavaThread "Reference Handler" daemon [_thread_blocked, id=21520, stack(0x0000005acd300000,0x0000005acd400000)]
  0x0000021551e14800 JavaThread "Finalizer" daemon [_thread_blocked, id=23712, stack(0x0000005acd400000,0x0000005acd500000)]
  0x0000021552696800 JavaThread "Signal Dispatcher" daemon [_thread_blocked, id=12848, stack(0x0000005acd500000,0x0000005acd600000)]
  0x0000021552697000 JavaThread "Attach Listener" daemon [_thread_blocked, id=1824, stack(0x0000005acd600000,0x0000005acd700000)]
  0x000002155269a000 JavaThread "C2 CompilerThread0" daemon [_thread_blocked, id=18656, stack(0x0000005acd700000,0x0000005acd800000)]
  0x000002155264c000 JavaThread "C1 CompilerThread0" daemon [_thread_blocked, id=32124, stack(0x0000005acd800000,0x0000005acd900000)]
  0x000002155264f000 JavaThread "Sweeper thread" daemon [_thread_blocked, id=17136, stack(0x0000005acd900000,0x0000005acda00000)]
  0x0000021551dc2800 JavaThread "Common-Cleaner" daemon [_thread_blocked, id=20820, stack(0x0000005acda00000,0x0000005acdb00000)]
  0x0000021552b5a000 JavaThread "JDWP Transport Listener: dt_socket" daemon [_thread_blocked, id=16608, stack(0x0000005acdc00000,0x0000005acdd00000)] _threads_hazard_ptr=0x00000215545e7e00
  0x0000021552963800 JavaThread "JDWP Event Helper Thread" daemon [_thread_blocked, id=24244, stack(0x0000005acdd00000,0x0000005acde00000)]
  0x0000021552965000 JavaThread "JDWP Command Reader" daemon [_thread_in_native, id=29648, stack(0x0000005acde00000,0x0000005acdf00000)]
  0x0000021552d5a000 JavaThread "Service Thread" daemon [_thread_blocked, id=32792, stack(0x0000005acdf00000,0x0000005ace000000)]
  0x0000021552da9000 JavaThread "ReaderThread" [_thread_in_native, id=32780, stack(0x0000005ace100000,0x0000005ace200000)]

Other Threads:
=>0x0000021551e05000 VMThread "VM Thread" [stack: 0x0000005acd200000,0x0000005acd300000] [id=20392]
  0x0000021552d5b000 WatcherThread [stack: 0x0000005ace000000,0x0000005ace100000] [id=34780]
  0x000002153321e800 GCTaskThread "GC Thread#0" [stack: 0x0000005accd00000,0x0000005acce00000] [id=25112]
  0x000002155405a000 GCTaskThread "GC Thread#1" [stack: 0x0000005ace200000,0x0000005ace300000] [id=20336]
  0x0000021553a34000 GCTaskThread "GC Thread#2" [stack: 0x0000005ace300000,0x0000005ace400000] [id=31772]
  0x00000215531a8800 GCTaskThread "GC Thread#3" [stack: 0x0000005ace400000,0x0000005ace500000] [id=33692]
  0x000002155649a000 GCTaskThread "GC Thread#4" [stack: 0x0000005ace700000,0x0000005ace800000] [id=32380]
  0x000002155416b000 GCTaskThread "GC Thread#5" [stack: 0x0000005ace800000,0x0000005ace900000] [id=23964]
  0x0000021533250000 ConcurrentGCThread "G1 Main Marker" [stack: 0x0000005acce00000,0x0000005accf00000] [id=3848]
  0x0000021533252000 ConcurrentGCThread "G1 Conc#0" [stack: 0x0000005accf00000,0x0000005acd000000] [id=26440]
  0x000002155416f800 ConcurrentGCThread "G1 Conc#1" [stack: 0x0000005ace900000,0x0000005acea00000] [id=11096]
  0x00000215332cd800 ConcurrentGCThread "G1 Refine#0" [stack: 0x0000005acd000000,0x0000005acd100000] [id=10056]
  0x00000215332ce800 ConcurrentGCThread "G1 Young RemSet Sampling" [stack: 0x0000005acd100000,0x0000005acd200000] [id=996]

Threads with active compile tasks:

VM state:at safepoint (normal execution)

VM Mutex/Monitor currently owned by a thread:  ([mutex/lock_event])
[0x0000021533204f30] Threads_lock - owner thread: 0x0000021551e05000

Heap address: 0x0000000081800000, size: 2024 MB, Compressed Oops mode: 32-bit
Narrow klass base: 0x0000000000000000, Narrow klass shift: 3
Compressed class space size: 1073741824 Address: 0x0000000100000000

Heap:
 garbage-first heap   total 157696K, used 61794K [0x0000000081800000, 0x0000000100000000)
  region size 1024K, 52 young (53248K), 6 survivors (6144K)
 Metaspace       used 44485K, capacity 45562K, committed 45696K, reserved 1089536K
  class space    used 5572K, capacity 6002K, committed 6016K, reserved 1048576K
Heap Regions: E=young(eden), S=young(survivor), O=old, HS=humongous(starts), HC=humongous(continues), CS=collection set, F=free, A=archive, TAMS=top-at-mark-start (previous, next)
|   0|0x0000000081800000, 0x0000000081900000, 0x0000000081900000|100%| O|  |TAMS 0x0000000081900000, 0x0000000081800000| Untracked 
|   1|0x0000000081900000, 0x0000000081a00000, 0x0000000081a00000|100%| O|  |TAMS 0x0000000081a00000, 0x0000000081900000| Untracked 
|   2|0x0000000081a00000, 0x0000000081b00000, 0x0000000081b00000|100%| O|  |TAMS 0x0000000081b00000, 0x0000000081a00000| Untracked 
|   3|0x0000000081b00000, 0x0000000081c00000, 0x0000000081c00000|100%| O|  |TAMS 0x0000000081c00000, 0x0000000081b00000| Untracked 
|   4|0x0000000081c00000, 0x0000000081d00000, 0x0000000081d00000|100%| O|  |TAMS 0x0000000081d00000, 0x0000000081c00000| Untracked 
|   5|0x0000000081d00000, 0x0000000081e00000, 0x0000000081e00000|100%| O|  |TAMS 0x0000000081e00000, 0x0000000081d00000| Untracked 
|   6|0x0000000081e00000, 0x0000000081f00000, 0x0000000081f00000|100%| O|  |TAMS 0x0000000081e62c00, 0x0000000081e00000| Untracked 
|   7|0x0000000081f00000, 0x0000000082000000, 0x0000000082000000|100%| O|  |TAMS 0x0000000081f00000, 0x0000000081f00000| Untracked 
|   8|0x0000000082000000, 0x0000000082100000, 0x0000000082100000|100%| O|  |TAMS 0x0000000082000000, 0x0000000082000000| Untracked 
|   9|0x0000000082100000, 0x00000000821a4a00, 0x0000000082200000| 64%| O|  |TAMS 0x0000000082100000, 0x0000000082100000| Untracked 
|  10|0x0000000082200000, 0x0000000082200000, 0x0000000082300000|  0%| F|  |TAMS 0x0000000082200000, 0x0000000082200000| Untracked 
|  11|0x0000000082300000, 0x0000000082300000, 0x0000000082400000|  0%| F|  |TAMS 0x0000000082300000, 0x0000000082300000| Untracked 
|  12|0x0000000082400000, 0x0000000082400000, 0x0000000082500000|  0%| F|  |TAMS 0x0000000082400000, 0x0000000082400000| Untracked 
|  13|0x0000000082500000, 0x0000000082500000, 0x0000000082600000|  0%| F|  |TAMS 0x0000000082500000, 0x0000000082500000| Untracked 
|  14|0x0000000082600000, 0x0000000082600000, 0x0000000082700000|  0%| F|  |TAMS 0x0000000082600000, 0x0000000082600000| Untracked 
|  15|0x0000000082700000, 0x0000000082700000, 0x0000000082800000|  0%| F|  |TAMS 0x0000000082700000, 0x0000000082700000| Untracked 
|  16|0x0000000082800000, 0x0000000082800000, 0x0000000082900000|  0%| F|  |TAMS 0x0000000082800000, 0x0000000082800000| Untracked 
|  17|0x0000000082900000, 0x0000000082900000, 0x0000000082a00000|  0%| F|  |TAMS 0x0000000082900000, 0x0000000082900000| Untracked 
|  18|0x0000000082a00000, 0x0000000082a00000, 0x0000000082b00000|  0%| F|  |TAMS 0x0000000082a00000, 0x0000000082a00000| Untracked 
|  19|0x0000000082b00000, 0x0000000082b00000, 0x0000000082c00000|  0%| F|  |TAMS 0x0000000082b00000, 0x0000000082b00000| Untracked 
|  20|0x0000000082c00000, 0x0000000082c00000, 0x0000000082d00000|  0%| F|  |TAMS 0x0000000082c00000, 0x0000000082c00000| Untracked 
|  21|0x0000000082d00000, 0x0000000082d00000, 0x0000000082e00000|  0%| F|  |TAMS 0x0000000082d00000, 0x0000000082d00000| Untracked 
|  22|0x0000000082e00000, 0x0000000082e00000, 0x0000000082f00000|  0%| F|  |TAMS 0x0000000082e00000, 0x0000000082e00000| Untracked 
|  23|0x0000000082f00000, 0x0000000082f00000, 0x0000000083000000|  0%| F|  |TAMS 0x0000000082f00000, 0x0000000082f00000| Untracked 
|  24|0x0000000083000000, 0x0000000083000000, 0x0000000083100000|  0%| F|  |TAMS 0x0000000083000000, 0x0000000083000000| Untracked 
|  25|0x0000000083100000, 0x0000000083100000, 0x0000000083200000|  0%| F|  |TAMS 0x0000000083100000, 0x0000000083100000| Untracked 
|  26|0x0000000083200000, 0x0000000083200000, 0x0000000083300000|  0%| F|  |TAMS 0x0000000083200000, 0x0000000083200000| Untracked 
|  27|0x0000000083300000, 0x0000000083300000, 0x0000000083400000|  0%| F|  |TAMS 0x0000000083300000, 0x0000000083300000| Untracked 
|  28|0x0000000083400000, 0x0000000083400000, 0x0000000083500000|  0%| F|  |TAMS 0x0000000083400000, 0x0000000083400000| Untracked 
|  29|0x0000000083500000, 0x0000000083500000, 0x0000000083600000|  0%| F|  |TAMS 0x0000000083500000, 0x0000000083500000| Untracked 
|  30|0x0000000083600000, 0x0000000083600000, 0x0000000083700000|  0%| F|  |TAMS 0x0000000083600000, 0x0000000083600000| Untracked 
|  31|0x0000000083700000, 0x0000000083700000, 0x0000000083800000|  0%| F|  |TAMS 0x0000000083700000, 0x0000000083700000| Untracked 
|  32|0x0000000083800000, 0x0000000083800000, 0x0000000083900000|  0%| F|  |TAMS 0x0000000083800000, 0x0000000083800000| Untracked 
|  33|0x0000000083900000, 0x0000000083900000, 0x0000000083a00000|  0%| F|  |TAMS 0x0000000083900000, 0x0000000083900000| Untracked 
|  34|0x0000000083a00000, 0x0000000083a00000, 0x0000000083b00000|  0%| F|  |TAMS 0x0000000083a00000, 0x0000000083a00000| Untracked 
|  35|0x0000000083b00000, 0x0000000083b00000, 0x0000000083c00000|  0%| F|  |TAMS 0x0000000083b00000, 0x0000000083b00000| Untracked 
|  36|0x0000000083c00000, 0x0000000083c00000, 0x0000000083d00000|  0%| F|  |TAMS 0x0000000083c00000, 0x0000000083c00000| Untracked 
|  37|0x0000000083d00000, 0x0000000083d00000, 0x0000000083e00000|  0%| F|  |TAMS 0x0000000083d00000, 0x0000000083d00000| Untracked 
|  38|0x0000000083e00000, 0x0000000083e00000, 0x0000000083f00000|  0%| F|  |TAMS 0x0000000083e00000, 0x0000000083e00000| Untracked 
|  39|0x0000000083f00000, 0x0000000083f00000, 0x0000000084000000|  0%| F|  |TAMS 0x0000000083f00000, 0x0000000083f00000| Untracked 
|  40|0x0000000084000000, 0x0000000084000000, 0x0000000084100000|  0%| F|  |TAMS 0x0000000084000000, 0x0000000084000000| Untracked 
|  41|0x0000000084100000, 0x0000000084100000, 0x0000000084200000|  0%| F|  |TAMS 0x0000000084100000, 0x0000000084100000| Untracked 
|  42|0x0000000084200000, 0x0000000084200000, 0x0000000084300000|  0%| F|  |TAMS 0x0000000084200000, 0x0000000084200000| Untracked 
|  43|0x0000000084300000, 0x0000000084300000, 0x0000000084400000|  0%| F|  |TAMS 0x0000000084300000, 0x0000000084300000| Untracked 
|  44|0x0000000084400000, 0x0000000084400000, 0x0000000084500000|  0%| F|  |TAMS 0x0000000084400000, 0x0000000084400000| Untracked 
|  45|0x0000000084500000, 0x0000000084500000, 0x0000000084600000|  0%| F|  |TAMS 0x0000000084500000, 0x0000000084500000| Untracked 
|  46|0x0000000084600000, 0x0000000084600000, 0x0000000084700000|  0%| F|  |TAMS 0x0000000084600000, 0x0000000084600000| Untracked 
|  47|0x0000000084700000, 0x0000000084700000, 0x0000000084800000|  0%| F|  |TAMS 0x0000000084700000, 0x0000000084700000| Untracked 
|  48|0x0000000084800000, 0x0000000084800000, 0x0000000084900000|  0%| F|  |TAMS 0x0000000084800000, 0x0000000084800000| Untracked 
|  49|0x0000000084900000, 0x0000000084900000, 0x0000000084a00000|  0%| F|  |TAMS 0x0000000084900000, 0x0000000084900000| Untracked 
|  50|0x0000000084a00000, 0x0000000084a00000, 0x0000000084b00000|  0%| F|  |TAMS 0x0000000084a00000, 0x0000000084a00000| Untracked 
|  51|0x0000000084b00000, 0x0000000084b00000, 0x0000000084c00000|  0%| F|  |TAMS 0x0000000084b00000, 0x0000000084b00000| Untracked 
|  52|0x0000000084c00000, 0x0000000084c00000, 0x0000000084d00000|  0%| F|  |TAMS 0x0000000084c00000, 0x0000000084c00000| Untracked 
|  53|0x0000000084d00000, 0x0000000084d00000, 0x0000000084e00000|  0%| F|  |TAMS 0x0000000084d00000, 0x0000000084d00000| Untracked 
|  54|0x0000000084e00000, 0x0000000084e00000, 0x0000000084f00000|  0%| F|  |TAMS 0x0000000084e00000, 0x0000000084e00000| Untracked 
|  55|0x0000000084f00000, 0x0000000084f00000, 0x0000000085000000|  0%| F|  |TAMS 0x0000000084f00000, 0x0000000084f00000| Untracked 
|  56|0x0000000085000000, 0x0000000085000000, 0x0000000085100000|  0%| F|  |TAMS 0x0000000085000000, 0x0000000085000000| Untracked 
|  57|0x0000000085100000, 0x0000000085100000, 0x0000000085200000|  0%| F|  |TAMS 0x0000000085100000, 0x0000000085100000| Untracked 
|  58|0x0000000085200000, 0x0000000085200000, 0x0000000085300000|  0%| F|  |TAMS 0x0000000085200000, 0x0000000085200000| Untracked 
|  59|0x0000000085300000, 0x0000000085300000, 0x0000000085400000|  0%| F|  |TAMS 0x0000000085300000, 0x0000000085300000| Untracked 
|  60|0x0000000085400000, 0x0000000085400000, 0x0000000085500000|  0%| F|  |TAMS 0x0000000085400000, 0x0000000085400000| Untracked 
|  61|0x0000000085500000, 0x0000000085500000, 0x0000000085600000|  0%| F|  |TAMS 0x0000000085500000, 0x0000000085500000| Untracked 
|  62|0x0000000085600000, 0x0000000085600000, 0x0000000085700000|  0%| F|  |TAMS 0x0000000085600000, 0x0000000085600000| Untracked 
|  63|0x0000000085700000, 0x0000000085700000, 0x0000000085800000|  0%| F|  |TAMS 0x0000000085700000, 0x0000000085700000| Untracked 
|  64|0x0000000085800000, 0x0000000085800000, 0x0000000085900000|  0%| F|  |TAMS 0x0000000085800000, 0x0000000085800000| Untracked 
|  65|0x0000000085900000, 0x00000000859b3e60, 0x0000000085a00000| 70%| S|CS|TAMS 0x0000000085900000, 0x0000000085900000| Complete 
|  66|0x0000000085a00000, 0x0000000085b00000, 0x0000000085b00000|100%| S|CS|TAMS 0x0000000085a00000, 0x0000000085a00000| Complete 
|  67|0x0000000085b00000, 0x0000000085c00000, 0x0000000085c00000|100%| S|CS|TAMS 0x0000000085b00000, 0x0000000085b00000| Complete 
|  68|0x0000000085c00000, 0x0000000085d00000, 0x0000000085d00000|100%| S|CS|TAMS 0x0000000085c00000, 0x0000000085c00000| Complete 
|  69|0x0000000085d00000, 0x0000000085e00000, 0x0000000085e00000|100%| S|CS|TAMS 0x0000000085d00000, 0x0000000085d00000| Complete 
|  70|0x0000000085e00000, 0x0000000085f00000, 0x0000000085f00000|100%| S|CS|TAMS 0x0000000085e00000, 0x0000000085e00000| Complete 
|  71|0x0000000085f00000, 0x0000000085f00000, 0x0000000086000000|  0%| F|  |TAMS 0x0000000085f00000, 0x0000000085f00000| Untracked 
|  72|0x0000000086000000, 0x0000000086000000, 0x0000000086100000|  0%| F|  |TAMS 0x0000000086000000, 0x0000000086000000| Untracked 
|  73|0x0000000086100000, 0x0000000086100000, 0x0000000086200000|  0%| F|  |TAMS 0x0000000086100000, 0x0000000086100000| Untracked 
|  74|0x0000000086200000, 0x0000000086200000, 0x0000000086300000|  0%| F|  |TAMS 0x0000000086200000, 0x0000000086200000| Untracked 
|  75|0x0000000086300000, 0x0000000086300000, 0x0000000086400000|  0%| F|  |TAMS 0x0000000086300000, 0x0000000086300000| Untracked 
|  76|0x0000000086400000, 0x0000000086400000, 0x0000000086500000|  0%| F|  |TAMS 0x0000000086400000, 0x0000000086400000| Untracked 
|  77|0x0000000086500000, 0x0000000086500000, 0x0000000086600000|  0%| F|  |TAMS 0x0000000086500000, 0x0000000086500000| Untracked 
|  78|0x0000000086600000, 0x0000000086600000, 0x0000000086700000|  0%| F|  |TAMS 0x0000000086600000, 0x0000000086600000| Untracked 
|  79|0x0000000086700000, 0x0000000086700000, 0x0000000086800000|  0%| F|  |TAMS 0x0000000086700000, 0x0000000086700000| Untracked 
|  80|0x0000000086800000, 0x0000000086800000, 0x0000000086900000|  0%| F|  |TAMS 0x0000000086800000, 0x0000000086800000| Untracked 
|  81|0x0000000086900000, 0x0000000086900000, 0x0000000086a00000|  0%| F|  |TAMS 0x0000000086900000, 0x0000000086900000| Untracked 
|  82|0x0000000086a00000, 0x0000000086a00000, 0x0000000086b00000|  0%| F|  |TAMS 0x0000000086a00000, 0x0000000086a00000| Untracked 
|  83|0x0000000086b00000, 0x0000000086b00000, 0x0000000086c00000|  0%| F|  |TAMS 0x0000000086b00000, 0x0000000086b00000| Untracked 
|  84|0x0000000086c00000, 0x0000000086c00000, 0x0000000086d00000|  0%| F|  |TAMS 0x0000000086c00000, 0x0000000086c00000| Untracked 
|  85|0x0000000086d00000, 0x0000000086d00000, 0x0000000086e00000|  0%| F|  |TAMS 0x0000000086d00000, 0x0000000086d00000| Untracked 
|  86|0x0000000086e00000, 0x0000000086e00000, 0x0000000086f00000|  0%| F|  |TAMS 0x0000000086e00000, 0x0000000086e00000| Untracked 
|  87|0x0000000086f00000, 0x0000000086f00000, 0x0000000087000000|  0%| F|  |TAMS 0x0000000086f00000, 0x0000000086f00000| Untracked 
|  88|0x0000000087000000, 0x0000000087000000, 0x0000000087100000|  0%| F|  |TAMS 0x0000000087000000, 0x0000000087000000| Untracked 
|  89|0x0000000087100000, 0x0000000087100000, 0x0000000087200000|  0%| F|  |TAMS 0x0000000087100000, 0x0000000087100000| Untracked 
|  90|0x0000000087200000, 0x0000000087200000, 0x0000000087300000|  0%| F|  |TAMS 0x0000000087200000, 0x0000000087200000| Untracked 
|  91|0x0000000087300000, 0x0000000087300000, 0x0000000087400000|  0%| F|  |TAMS 0x0000000087300000, 0x0000000087300000| Untracked 
|  92|0x0000000087400000, 0x0000000087400000, 0x0000000087500000|  0%| F|  |TAMS 0x0000000087400000, 0x0000000087400000| Untracked 
|  93|0x0000000087500000, 0x0000000087500000, 0x0000000087600000|  0%| F|  |TAMS 0x0000000087500000, 0x0000000087500000| Untracked 
|  94|0x0000000087600000, 0x0000000087600000, 0x0000000087700000|  0%| F|  |TAMS 0x0000000087600000, 0x0000000087600000| Untracked 
|  95|0x0000000087700000, 0x0000000087700000, 0x0000000087800000|  0%| F|  |TAMS 0x0000000087700000, 0x0000000087700000| Untracked 
|  96|0x0000000087800000, 0x0000000087800000, 0x0000000087900000|  0%| F|  |TAMS 0x0000000087800000, 0x0000000087800000| Untracked 
|  97|0x0000000087900000, 0x0000000087900000, 0x0000000087a00000|  0%| F|  |TAMS 0x0000000087900000, 0x0000000087900000| Untracked 
|  98|0x0000000087a00000, 0x0000000087a00000, 0x0000000087b00000|  0%| F|  |TAMS 0x0000000087a00000, 0x0000000087a00000| Untracked 
|  99|0x0000000087b00000, 0x0000000087b00000, 0x0000000087c00000|  0%| F|  |TAMS 0x0000000087b00000, 0x0000000087b00000| Untracked 
| 100|0x0000000087c00000, 0x0000000087c00000, 0x0000000087d00000|  0%| F|  |TAMS 0x0000000087c00000, 0x0000000087c00000| Untracked 
| 101|0x0000000087d00000, 0x0000000087d00000, 0x0000000087e00000|  0%| F|  |TAMS 0x0000000087d00000, 0x0000000087d00000| Untracked 
| 102|0x0000000087e00000, 0x0000000087e00000, 0x0000000087f00000|  0%| F|  |TAMS 0x0000000087e00000, 0x0000000087e00000| Untracked 
| 103|0x0000000087f00000, 0x0000000087f00000, 0x0000000088000000|  0%| F|  |TAMS 0x0000000087f00000, 0x0000000087f00000| Untracked 
| 104|0x0000000088000000, 0x0000000088000000, 0x0000000088100000|  0%| F|  |TAMS 0x0000000088000000, 0x0000000088000000| Untracked 
| 105|0x0000000088100000, 0x0000000088100000, 0x0000000088200000|  0%| F|  |TAMS 0x0000000088100000, 0x0000000088100000| Untracked 
| 106|0x0000000088200000, 0x0000000088200000, 0x0000000088300000|  0%| F|  |TAMS 0x0000000088200000, 0x0000000088200000| Untracked 
| 107|0x0000000088300000, 0x0000000088300000, 0x0000000088400000|  0%| F|  |TAMS 0x0000000088300000, 0x0000000088300000| Untracked 
| 108|0x0000000088400000, 0x0000000088500000, 0x0000000088500000|100%| E|  |TAMS 0x0000000088400000, 0x0000000088400000| Complete 
| 109|0x0000000088500000, 0x0000000088600000, 0x0000000088600000|100%| E|CS|TAMS 0x0000000088500000, 0x0000000088500000| Complete 
| 110|0x0000000088600000, 0x0000000088700000, 0x0000000088700000|100%| E|CS|TAMS 0x0000000088600000, 0x0000000088600000| Complete 
| 111|0x0000000088700000, 0x0000000088800000, 0x0000000088800000|100%| E|CS|TAMS 0x0000000088700000, 0x0000000088700000| Complete 
| 112|0x0000000088800000, 0x0000000088900000, 0x0000000088900000|100%| E|CS|TAMS 0x0000000088800000, 0x0000000088800000| Complete 
| 113|0x0000000088900000, 0x0000000088a00000, 0x0000000088a00000|100%| E|CS|TAMS 0x0000000088900000, 0x0000000088900000| Complete 
| 114|0x0000000088a00000, 0x0000000088b00000, 0x0000000088b00000|100%| E|CS|TAMS 0x0000000088a00000, 0x0000000088a00000| Complete 
| 115|0x0000000088b00000, 0x0000000088c00000, 0x0000000088c00000|100%| E|CS|TAMS 0x0000000088b00000, 0x0000000088b00000| Complete 
| 116|0x0000000088c00000, 0x0000000088d00000, 0x0000000088d00000|100%| E|CS|TAMS 0x0000000088c00000, 0x0000000088c00000| Complete 
| 117|0x0000000088d00000, 0x0000000088e00000, 0x0000000088e00000|100%| E|CS|TAMS 0x0000000088d00000, 0x0000000088d00000| Complete 
| 118|0x0000000088e00000, 0x0000000088f00000, 0x0000000088f00000|100%| E|CS|TAMS 0x0000000088e00000, 0x0000000088e00000| Complete 
| 119|0x0000000088f00000, 0x0000000089000000, 0x0000000089000000|100%| E|CS|TAMS 0x0000000088f00000, 0x0000000088f00000| Complete 
| 120|0x0000000089000000, 0x0000000089100000, 0x0000000089100000|100%| E|CS|TAMS 0x0000000089000000, 0x0000000089000000| Complete 
| 121|0x0000000089100000, 0x0000000089200000, 0x0000000089200000|100%| E|CS|TAMS 0x0000000089100000, 0x0000000089100000| Complete 
| 122|0x0000000089200000, 0x0000000089300000, 0x0000000089300000|100%| E|CS|TAMS 0x0000000089200000, 0x0000000089200000| Complete 
| 123|0x0000000089300000, 0x0000000089400000, 0x0000000089400000|100%| E|CS|TAMS 0x0000000089300000, 0x0000000089300000| Complete 
| 124|0x0000000089400000, 0x0000000089500000, 0x0000000089500000|100%| E|CS|TAMS 0x0000000089400000, 0x0000000089400000| Complete 
| 125|0x0000000089500000, 0x0000000089600000, 0x0000000089600000|100%| E|CS|TAMS 0x0000000089500000, 0x0000000089500000| Complete 
| 126|0x0000000089600000, 0x0000000089700000, 0x0000000089700000|100%| E|CS|TAMS 0x0000000089600000, 0x0000000089600000| Complete 
| 127|0x0000000089700000, 0x0000000089800000, 0x0000000089800000|100%| E|CS|TAMS 0x0000000089700000, 0x0000000089700000| Complete 
| 128|0x0000000089800000, 0x0000000089900000, 0x0000000089900000|100%| E|CS|TAMS 0x0000000089800000, 0x0000000089800000| Complete 
| 129|0x0000000089900000, 0x0000000089a00000, 0x0000000089a00000|100%| E|CS|TAMS 0x0000000089900000, 0x0000000089900000| Complete 
| 130|0x0000000089a00000, 0x0000000089b00000, 0x0000000089b00000|100%| E|CS|TAMS 0x0000000089a00000, 0x0000000089a00000| Complete 
| 131|0x0000000089b00000, 0x0000000089c00000, 0x0000000089c00000|100%| E|CS|TAMS 0x0000000089b00000, 0x0000000089b00000| Complete 
| 132|0x0000000089c00000, 0x0000000089d00000, 0x0000000089d00000|100%| E|CS|TAMS 0x0000000089c00000, 0x0000000089c00000| Complete 
| 133|0x0000000089d00000, 0x0000000089e00000, 0x0000000089e00000|100%| E|CS|TAMS 0x0000000089d00000, 0x0000000089d00000| Complete 
| 134|0x0000000089e00000, 0x0000000089f00000, 0x0000000089f00000|100%| E|CS|TAMS 0x0000000089e00000, 0x0000000089e00000| Complete 
| 135|0x0000000089f00000, 0x000000008a000000, 0x000000008a000000|100%| E|CS|TAMS 0x0000000089f00000, 0x0000000089f00000| Complete 
| 136|0x000000008a000000, 0x000000008a100000, 0x000000008a100000|100%| E|CS|TAMS 0x000000008a000000, 0x000000008a000000| Complete 
| 137|0x000000008a100000, 0x000000008a200000, 0x000000008a200000|100%| E|CS|TAMS 0x000000008a100000, 0x000000008a100000| Complete 
| 138|0x000000008a200000, 0x000000008a300000, 0x000000008a300000|100%| E|CS|TAMS 0x000000008a200000, 0x000000008a200000| Complete 
| 139|0x000000008a300000, 0x000000008a400000, 0x000000008a400000|100%| E|CS|TAMS 0x000000008a300000, 0x000000008a300000| Complete 
| 140|0x000000008a400000, 0x000000008a500000, 0x000000008a500000|100%| E|CS|TAMS 0x000000008a400000, 0x000000008a400000| Complete 
| 141|0x000000008a500000, 0x000000008a600000, 0x000000008a600000|100%| E|CS|TAMS 0x000000008a500000, 0x000000008a500000| Complete 
| 142|0x000000008a600000, 0x000000008a700000, 0x000000008a700000|100%| E|CS|TAMS 0x000000008a600000, 0x000000008a600000| Complete 
| 143|0x000000008a700000, 0x000000008a800000, 0x000000008a800000|100%| E|CS|TAMS 0x000000008a700000, 0x000000008a700000| Complete 
| 144|0x000000008a800000, 0x000000008a900000, 0x000000008a900000|100%| E|CS|TAMS 0x000000008a800000, 0x000000008a800000| Complete 
| 145|0x000000008a900000, 0x000000008aa00000, 0x000000008aa00000|100%| E|CS|TAMS 0x000000008a900000, 0x000000008a900000| Complete 
| 146|0x000000008aa00000, 0x000000008ab00000, 0x000000008ab00000|100%| E|CS|TAMS 0x000000008aa00000, 0x000000008aa00000| Complete 
| 147|0x000000008ab00000, 0x000000008ac00000, 0x000000008ac00000|100%| E|CS|TAMS 0x000000008ab00000, 0x000000008ab00000| Complete 
| 148|0x000000008ac00000, 0x000000008ad00000, 0x000000008ad00000|100%| E|CS|TAMS 0x000000008ac00000, 0x000000008ac00000| Complete 
| 149|0x000000008ad00000, 0x000000008ae00000, 0x000000008ae00000|100%| E|CS|TAMS 0x000000008ad00000, 0x000000008ad00000| Complete 
| 150|0x000000008ae00000, 0x000000008af00000, 0x000000008af00000|100%| E|CS|TAMS 0x000000008ae00000, 0x000000008ae00000| Complete 
| 151|0x000000008af00000, 0x000000008b000000, 0x000000008b000000|100%| E|CS|TAMS 0x000000008af00000, 0x000000008af00000| Complete 
| 152|0x000000008b000000, 0x000000008b100000, 0x000000008b100000|100%| E|CS|TAMS 0x000000008b000000, 0x000000008b000000| Complete 
| 153|0x000000008b100000, 0x000000008b200000, 0x000000008b200000|100%| E|CS|TAMS 0x000000008b100000, 0x000000008b100000| Complete 

Card table byte_map: [0x000002154ac60000,0x000002154b060000] _byte_map_base: 0x000002154a854000

Marking Bits (Prev, Next): (CMBitMap*) 0x0000021533247788, (CMBitMap*) 0x00000215332477c0
 Prev Bits: [0x000002154b460000, 0x000002154d400000)
 Next Bits: [0x000002154d400000, 0x000002154f3a0000)

Polling page: 0x0000021531050000

Metaspace:

Usage:
  Non-class:     38.63 MB capacity,    38.00 MB ( 98%) used,   523.22 KB (  1%) free+waste,   123.88 KB ( <1%) overhead. 
      Class:      5.86 MB capacity,     5.44 MB ( 93%) used,   371.70 KB (  6%) free+waste,    57.88 KB ( <1%) overhead. 
       Both:     44.49 MB capacity,    43.44 MB ( 98%) used,   894.91 KB (  2%) free+waste,   181.75 KB ( <1%) overhead. 

Virtual space:
  Non-class space:       40.00 MB reserved,      38.75 MB ( 97%) committed 
      Class space:        1.00 GB reserved,       5.88 MB ( <1%) committed 
             Both:        1.04 GB reserved,      44.63 MB (  4%) committed 

Chunk freelists:
   Non-Class:  7.00 KB
       Class:  1.75 KB
        Both:  8.75 KB

CodeHeap 'non-profiled nmethods': size=120000Kb used=2048Kb max_used=2170Kb free=117951Kb
 bounds [0x0000021542ff0000, 0x0000021543260000, 0x000002154a520000]
CodeHeap 'profiled nmethods': size=120000Kb used=7506Kb max_used=8137Kb free=112493Kb
 bounds [0x000002153bac0000, 0x000002153c2c0000, 0x0000021542ff0000]
CodeHeap 'non-nmethods': size=5760Kb used=1243Kb max_used=1338Kb free=4516Kb
 bounds [0x000002153b520000, 0x000002153b790000, 0x000002153bac0000]
 total_blobs=4429 nmethods=2998 adapters=414
 compilation: enabled
              stopped_count=0, restarted_count=0
 full_count=0

Compilation events (10 events):
Event: 3.293 Thread 0x000002155286b800 3223   !   4       org.springframework.util.ConcurrentReferenceHashMap$Segment::restructureIfNecessary (367 bytes)
Event: 3.317 Thread 0x000002155286b800 nmethod 3223 0x00000215431d6190 code [0x00000215431d6400, 0x00000215431d7d80]
Event: 3.317 Thread 0x000002155286b800 3224       4       sun.reflect.annotation.AnnotationInvocationHandler::invoke (178 bytes)
Event: 3.319 Thread 0x0000021555115800 nmethod 2086 0x00000215431d8a10 code [0x00000215431d9180, 0x00000215431ebe30]
Event: 3.319 Thread 0x0000021555115800 3189       4       org.eclipse.jdt.launching.internal.org.objectweb.asm.FieldWriter::putFieldInfo (418 bytes)
Event: 3.337 Thread 0x000002155286b800 nmethod 3224 0x00000215431f3b90 code [0x00000215431f3e00, 0x00000215431f4f70]
Event: 3.337 Thread 0x000002155286b800 3156       4       org.springframework.asm.Symbol::<init> (38 bytes)
Event: 3.340 Thread 0x000002155286b800 nmethod 3156 0x00000215431f5c10 code [0x00000215431f5da0, 0x00000215431f6078]
Event: 3.358 Thread 0x0000021555115800 nmethod 3189 0x00000215431f6110 code [0x00000215431f6480, 0x00000215431f8cf0]
Event: 3.577 Thread 0x000002155269a000 nmethod 3088 0x00000215431fa390 code [0x00000215431fb4c0, 0x00000215432078c0]

GC Heap History (10 events):
Event: 2.182 GC heap before
{Heap before GC invocations=4 (full 0):
 garbage-first heap   total 131072K, used 79914K [0x0000000081800000, 0x0000000100000000)
  region size 1024K, 76 young (77824K), 5 survivors (5120K)
 Metaspace       used 26863K, capacity 27368K, committed 27648K, reserved 1073152K
  class space    used 3049K, capacity 3226K, committed 3328K, reserved 1048576K
}
Event: 2.187 GC heap after
{Heap after GC invocations=5 (full 0):
 garbage-first heap   total 131072K, used 8330K [0x0000000081800000, 0x0000000100000000)
  region size 1024K, 6 young (6144K), 6 survivors (6144K)
 Metaspace       used 26863K, capacity 27368K, committed 27648K, reserved 1073152K
  class space    used 3049K, capacity 3226K, committed 3328K, reserved 1048576K
}
Event: 2.693 GC heap before
{Heap before GC invocations=5 (full 0):
 garbage-first heap   total 131072K, used 78986K [0x0000000081800000, 0x0000000100000000)
  region size 1024K, 76 young (77824K), 6 survivors (6144K)
 Metaspace       used 32885K, capacity 33582K, committed 33792K, reserved 1079296K
  class space    used 3760K, capacity 4040K, committed 4096K, reserved 1048576K
}
Event: 2.701 GC heap after
{Heap after GC invocations=6 (full 0):
 garbage-first heap   total 131072K, used 10570K [0x0000000081800000, 0x0000000100000000)
  region size 1024K, 6 young (6144K), 6 survivors (6144K)
 Metaspace       used 32885K, capacity 33582K, committed 33792K, reserved 1079296K
  class space    used 3760K, capacity 4040K, committed 4096K, reserved 1048576K
}
Event: 2.994 GC heap before
{Heap before GC invocations=6 (full 0):
 garbage-first heap   total 131072K, used 34122K [0x0000000081800000, 0x0000000100000000)
  region size 1024K, 30 young (30720K), 6 survivors (6144K)
 Metaspace       used 34782K, capacity 35512K, committed 35584K, reserved 1081344K
  class space    used 4015K, capacity 4316K, committed 4352K, reserved 1048576K
}
Event: 3.004 GC heap after
{Heap after GC invocations=7 (full 0):
 garbage-first heap   total 157696K, used 11612K [0x0000000081800000, 0x0000000100000000)
  region size 1024K, 5 young (5120K), 5 survivors (5120K)
 Metaspace       used 34782K, capacity 35512K, committed 35584K, reserved 1081344K
  class space    used 4015K, capacity 4316K, committed 4352K, reserved 1048576K
}
Event: 53.639 GC heap before
{Heap before GC invocations=8 (full 0):
 garbage-first heap   total 157696K, used 97628K [0x0000000081800000, 0x0000000100000000)
  region size 1024K, 89 young (91136K), 5 survivors (5120K)
 Metaspace       used 38240K, capacity 39198K, committed 39424K, reserved 1083392K
  class space    used 4477K, capacity 4857K, committed 4864K, reserved 1048576K
}
Event: 53.650 GC heap after
{Heap after GC invocations=9 (full 0):
 garbage-first heap   total 157696K, used 15199K [0x0000000081800000, 0x0000000100000000)
  region size 1024K, 9 young (9216K), 9 survivors (9216K)
 Metaspace       used 38240K, capacity 39198K, committed 39424K, reserved 1083392K
  class space    used 4477K, capacity 4857K, committed 4864K, reserved 1048576K
}
Event: 109.503 GC heap before
{Heap before GC invocations=9 (full 0):
 garbage-first heap   total 157696K, used 100191K [0x0000000081800000, 0x0000000100000000)
  region size 1024K, 92 young (94208K), 9 survivors (9216K)
 Metaspace       used 41682K, capacity 42678K, committed 42880K, reserved 1087488K
  class space    used 5055K, capacity 5460K, committed 5504K, reserved 1048576K
}
Event: 109.511 GC heap after
{Heap after GC invocations=10 (full 0):
 garbage-first heap   total 157696K, used 15714K [0x0000000081800000, 0x0000000100000000)
  region size 1024K, 6 young (6144K), 6 survivors (6144K)
 Metaspace       used 41682K, capacity 42678K, committed 42880K, reserved 1087488K
  class space    used 5055K, capacity 5460K, committed 5504K, reserved 1048576K
}

Deoptimization events (10 events):
Event: 1.998 Thread 0x0000021555e88800 Uncommon trap: reason=unstable_if action=reinterpret pc=0x000002154303e31c method=java.util.jar.Manifest$FastInputStream.readLine([BII)I @ 90 c2
Event: 2.404 Thread 0x0000021555e88800 Uncommon trap: reason=unstable_if action=reinterpret pc=0x000002154312b234 method=jdk.internal.org.objectweb.asm.Type.getArgumentsAndReturnSizes(Ljava/lang/String;)I @ 47 c2
Event: 2.441 Thread 0x0000021555e88800 Uncommon trap: reason=unstable_if action=reinterpret pc=0x0000021543104354 method=java.nio.Buffer.position(I)Ljava/nio/Buffer; @ 45 c2
Event: 2.447 Thread 0x0000021555e88800 Uncommon trap: reason=unstable_if action=reinterpret pc=0x0000021543116b40 method=java.nio.Buffer.position(I)Ljava/nio/Buffer; @ 45 c2
Event: 2.613 Thread 0x0000021533206800 Uncommon trap: reason=unstable_if action=reinterpret pc=0x0000021543115930 method=org.springframework.boot.context.properties.source.ConfigurationPropertyName$ElementsParser.isValidChar(CI)Z @ 21 c2
Event: 3.051 Thread 0x0000021533206800 Uncommon trap: reason=unstable_if action=reinterpret pc=0x00000215430d7494 method=org.eclipse.jdt.launching.internal.org.objectweb.asm.ClassReader.readCode(Lorg/eclipse/jdt/launching/internal/org/objectweb/asm/MethodVisitor;Lorg/eclipse/jdt/launching/inte
Event: 3.051 Thread 0x0000021533206800 Uncommon trap: reason=unstable_if action=reinterpret pc=0x00000215430c2e40 method=org.eclipse.jdt.launching.internal.org.objectweb.asm.ClassReader.readStackMapFrame(IZZLorg/eclipse/jdt/launching/internal/org/objectweb/asm/Context;)I @ 18 c2
Event: 3.051 Thread 0x0000021533206800 Uncommon trap: reason=unstable_if action=reinterpret pc=0x000002154309b28c method=org.eclipse.jdt.launching.internal.org.objectweb.asm.MethodWriter.visitFrame(II[Ljava/lang/Object;I[Ljava/lang/Object;)V @ 123 c2
Event: 3.054 Thread 0x0000021533206800 Uncommon trap: reason=unstable_if action=reinterpret pc=0x0000021543102d90 method=org.eclipse.jdt.launching.internal.org.objectweb.asm.MethodWriter.computeMethodInfoSize()I @ 166 c2
Event: 3.054 Thread 0x0000021533206800 Uncommon trap: reason=unstable_if action=reinterpret pc=0x00000215431459c4 method=org.eclipse.jdt.launching.internal.org.objectweb.asm.MethodWriter.putMethodInfo(Lorg/eclipse/jdt/launching/internal/org/objectweb/asm/ByteVector;)V @ 324 c2

Classes redefined (3 events):
Event: 587.865 Thread 0x0000021551e05000 redefined class name=com.csv.CsvApplicationTests, count=1
Event: 608.835 Thread 0x0000021551e05000 redefined class name=com.csv.CsvApplicationTests, count=2
Event: 633.680 Thread 0x0000021551e05000 redefined class name=com.csv.CsvApplicationTests, count=3

Internal exceptions (10 events):
Event: 136.243 Thread 0x0000021533206800 Exception <a 'java/lang/ClassNotFoundException'{0x0000000088937768}: org/springframework/web/servlet/theme/AbstractThemeResolverCustomizer> (0x0000000088937768) thrown at [t:/workspace/open/src/hotspot/share/classfile/systemDictionary.cpp, line 231]
Event: 136.280 Thread 0x0000021533206800 Exception <a 'java/lang/ClassNotFoundException'{0x0000000088949fa0}: org/springframework/web/servlet/theme/FixedThemeResolverCustomizer> (0x0000000088949fa0) thrown at [t:/workspace/open/src/hotspot/share/classfile/systemDictionary.cpp, line 231]
Event: 136.323 Thread 0x0000021533206800 Exception <a 'java/lang/ClassNotFoundException'{0x000000008895c1b0}: org/springframework/web/servlet/ThemeResolverCustomizer> (0x000000008895c1b0) thrown at [t:/workspace/open/src/hotspot/share/classfile/systemDictionary.cpp, line 231]
Event: 136.507 Thread 0x0000021533206800 Exception <a 'java/lang/ClassNotFoundException'{0x000000008897cd58}: java/lang/ObjectCustomizer> (0x000000008897cd58) thrown at [t:/workspace/open/src/hotspot/share/classfile/systemDictionary.cpp, line 231]
Event: 136.545 Thread 0x0000021533206800 Exception <a 'java/lang/ClassNotFoundException'{0x0000000088991758}: org/springframework/web/servlet/view/DefaultRequestToViewNameTranslatorCustomizer> (0x0000000088991758) thrown at [t:/workspace/open/src/hotspot/share/classfile/systemDictionary.cpp, lin
Event: 136.607 Thread 0x0000021533206800 Exception <a 'java/lang/ClassNotFoundException'{0x00000000889b1df8}: org/springframework/web/servlet/RequestToViewNameTranslatorCustomizer> (0x00000000889b1df8) thrown at [t:/workspace/open/src/hotspot/share/classfile/systemDictionary.cpp, line 231]
Event: 136.839 Thread 0x0000021533206800 Exception <a 'java/lang/ClassNotFoundException'{0x0000000088807618}: java/lang/ObjectCustomizer> (0x0000000088807618) thrown at [t:/workspace/open/src/hotspot/share/classfile/systemDictionary.cpp, line 231]
Event: 136.877 Thread 0x0000021533206800 Exception <a 'java/lang/ClassNotFoundException'{0x000000008881b638}: org/springframework/web/servlet/support/AbstractFlashMapManagerCustomizer> (0x000000008881b638) thrown at [t:/workspace/open/src/hotspot/share/classfile/systemDictionary.cpp, line 231]
Event: 136.918 Thread 0x0000021533206800 Exception <a 'java/lang/ClassNotFoundException'{0x0000000088830b50}: org/springframework/web/servlet/support/SessionFlashMapManagerCustomizer> (0x0000000088830b50) thrown at [t:/workspace/open/src/hotspot/share/classfile/systemDictionary.cpp, line 231]
Event: 136.953 Thread 0x0000021533206800 Exception <a 'java/lang/ClassNotFoundException'{0x0000000088842650}: org/springframework/web/servlet/FlashMapManagerCustomizer> (0x0000000088842650) thrown at [t:/workspace/open/src/hotspot/share/classfile/systemDictionary.cpp, line 231]

Events (10 events):
Event: 633.743 Executing VM operation: SetFramePop done
Event: 633.743 Executing VM operation: GetFrameLocation
Event: 633.743 Executing VM operation: GetFrameLocation done
Event: 633.743 Executing VM operation: GetCurrentLocation
Event: 633.744 Executing VM operation: GetCurrentLocation done
Event: 633.744 Executing VM operation: ChangeSingleStep
Event: 633.744 Executing VM operation: ChangeSingleStep done
Event: 633.744 Executing VM operation: GetFrameLocation
Event: 633.745 Executing VM operation: GetFrameLocation done
Event: 633.745 Executing VM operation: GetOrSetLocal


Dynamic libraries:
0x00007ff70c100000 - 0x00007ff70c147000 	C:\Program Files\Java\jdk-11.0.1\bin\javaw.exe
0x00007ffe629d0000 - 0x00007ffe62bbd000 	C:\Windows\SYSTEM32\ntdll.dll
0x00007ffe60250000 - 0x00007ffe60303000 	C:\Windows\System32\KERNEL32.DLL
0x00007ffe5f5e0000 - 0x00007ffe5f873000 	C:\Windows\System32\KERNELBASE.dll
0x00007ffe607e0000 - 0x00007ffe60883000 	C:\Windows\System32\ADVAPI32.dll
0x00007ffe5ff70000 - 0x00007ffe6000e000 	C:\Windows\System32\msvcrt.dll
0x00007ffe60a50000 - 0x00007ffe60aee000 	C:\Windows\System32\sechost.dll
0x00007ffe62870000 - 0x00007ffe62992000 	C:\Windows\System32\RPCRT4.dll
0x00007ffe5fda0000 - 0x00007ffe5ff37000 	C:\Windows\System32\USER32.dll
0x00007ffe5fb60000 - 0x00007ffe5fb80000 	C:\Windows\System32\win32u.dll
0x00007ffe61350000 - 0x00007ffe61379000 	C:\Windows\System32\GDI32.dll
0x00007ffe5f420000 - 0x00007ffe5f5ba000 	C:\Windows\System32\gdi32full.dll
0x00007ffe5f350000 - 0x00007ffe5f3f0000 	C:\Windows\System32\msvcp_win.dll
0x00007ffe5f250000 - 0x00007ffe5f34a000 	C:\Windows\System32\ucrtbase.dll
0x00007ffe4c5b0000 - 0x00007ffe4c829000 	C:\Windows\WinSxS\amd64_microsoft.windows.common-controls_6595b64144ccf1df_6.0.17763.437_none_05b63dca071e5dd6\COMCTL32.dll
0x00007ffe60310000 - 0x00007ffe6063c000 	C:\Windows\System32\combase.dll
0x00007ffe52860000 - 0x00007ffe5286a000 	C:\Windows\SYSTEM32\VERSION.dll
0x00007ffe5fb80000 - 0x00007ffe5fbfe000 	C:\Windows\System32\bcryptPrimitives.dll
0x00007ffe5ff40000 - 0x00007ffe5ff6e000 	C:\Windows\System32\IMM32.DLL
0x00007ffe57f80000 - 0x00007ffe57f96000 	C:\Program Files\Java\jdk-11.0.1\bin\vcruntime140.dll
0x00007ffe26d50000 - 0x00007ffe26dfa000 	C:\Program Files\Java\jdk-11.0.1\bin\msvcp140.dll
0x00007ffde8680000 - 0x00007ffde91c2000 	C:\Program Files\Java\jdk-11.0.1\bin\server\jvm.dll
0x00007ffe609c0000 - 0x00007ffe609c8000 	C:\Windows\System32\PSAPI.DLL
0x00007ffe4a2f0000 - 0x00007ffe4a2f9000 	C:\Windows\SYSTEM32\WSOCK32.dll
0x00007ffe56c60000 - 0x00007ffe56c84000 	C:\Windows\SYSTEM32\WINMM.dll
0x00007ffe60af0000 - 0x00007ffe60b5d000 	C:\Windows\System32\WS2_32.dll
0x00007ffe56b60000 - 0x00007ffe56b8d000 	C:\Windows\SYSTEM32\WINMMBASE.dll
0x00007ffe5fa60000 - 0x00007ffe5faaa000 	C:\Windows\System32\cfgmgr32.dll
0x00007ffe5ea80000 - 0x00007ffe5ea91000 	C:\Windows\System32\kernel.appcore.dll
0x00007ffe57f60000 - 0x00007ffe57f71000 	C:\Program Files\Java\jdk-11.0.1\bin\verify.dll
0x00007ffe5d3c0000 - 0x00007ffe5d5ad000 	C:\Windows\SYSTEM32\DBGHELP.DLL
0x00007ffe4a160000 - 0x00007ffe4a18a000 	C:\Windows\SYSTEM32\dbgcore.DLL
0x00007ffe4bae0000 - 0x00007ffe4bb09000 	C:\Program Files\Java\jdk-11.0.1\bin\java.dll
0x00007ffe43d10000 - 0x00007ffe43d47000 	C:\Program Files\Java\jdk-11.0.1\bin\jdwp.dll
0x00007ffe39d90000 - 0x00007ffe39dbf000 	C:\Program Files\Java\jdk-11.0.1\bin\instrument.dll
0x00007ffe57f40000 - 0x00007ffe57f56000 	C:\Program Files\Java\jdk-11.0.1\bin\zip.dll
0x00007ffe58020000 - 0x00007ffe5802a000 	C:\Program Files\Java\jdk-11.0.1\bin\jimage.dll
0x00007ffe61380000 - 0x00007ffe62870000 	C:\Windows\System32\SHELL32.dll
0x00007ffe60010000 - 0x00007ffe600b8000 	C:\Windows\System32\shcore.dll
0x00007ffe5eb00000 - 0x00007ffe5f24a000 	C:\Windows\System32\windows.storage.dll
0x00007ffe5e9f0000 - 0x00007ffe5ea14000 	C:\Windows\System32\profapi.dll
0x00007ffe5ea20000 - 0x00007ffe5ea7d000 	C:\Windows\System32\powrprof.dll
0x00007ffe60640000 - 0x00007ffe60692000 	C:\Windows\System32\shlwapi.dll
0x00007ffe5f5c0000 - 0x00007ffe5f5d7000 	C:\Windows\System32\cryptsp.dll
0x00007ffe56e80000 - 0x00007ffe56e8a000 	C:\Program Files\Java\jdk-11.0.1\bin\dt_socket.dll
0x00007ffe5e250000 - 0x00007ffe5e2b7000 	C:\Windows\System32\mswsock.dll
0x00007ffe5dff0000 - 0x00007ffe5e0b6000 	C:\Windows\SYSTEM32\DNSAPI.dll
0x00007ffe60240000 - 0x00007ffe60248000 	C:\Windows\System32\NSI.dll
0x00007ffe5dfb0000 - 0x00007ffe5dfed000 	C:\Windows\SYSTEM32\IPHLPAPI.DLL
0x00007ffe4a780000 - 0x00007ffe4a7f9000 	C:\Windows\System32\fwpuclnt.dll
0x00007ffe5f3f0000 - 0x00007ffe5f416000 	C:\Windows\System32\bcrypt.dll
0x00007ffe4a3d0000 - 0x00007ffe4a3da000 	C:\Windows\System32\rasadhlp.dll
0x00007ffe4bac0000 - 0x00007ffe4bad9000 	C:\Program Files\Java\jdk-11.0.1\bin\net.dll
0x00007ffe4a800000 - 0x00007ffe4a8f1000 	C:\Windows\SYSTEM32\WINHTTP.dll
0x00007ffe4baa0000 - 0x00007ffe4bab3000 	C:\Program Files\Java\jdk-11.0.1\bin\nio.dll
0x00007ffe4c0c0000 - 0x00007ffe4c0c9000 	C:\Program Files\Java\jdk-11.0.1\bin\management.dll
0x00007ffe4ba60000 - 0x00007ffe4ba6c000 	C:\Program Files\Java\jdk-11.0.1\bin\management_ext.dll
0x00007ffe45bb0000 - 0x00007ffe45bc6000 	C:\Windows\system32\napinsp.dll
0x00007ffe45b90000 - 0x00007ffe45baa000 	C:\Windows\system32\pnrpnsp.dll
0x00007ffe46c50000 - 0x00007ffe46c5e000 	C:\Windows\System32\winrnr.dll
0x00007ffe57aa0000 - 0x00007ffe57abb000 	C:\Windows\system32\NLAapi.dll
0x00007ffe54270000 - 0x00007ffe54285000 	C:\Windows\system32\wshbth.dll

dbghelp: loaded successfully - version: 4.0.5 - missing functions: none
symbol engine: initialized successfully - sym options: 0x614 - pdb path: .;C:\Program Files\Java\jdk-11.0.1\bin;C:\Windows\SYSTEM32;C:\Windows\WinSxS\amd64_microsoft.windows.common-controls_6595b64144ccf1df_6.0.17763.437_none_05b63dca071e5dd6;C:\Program Files\Java\jdk-11.0.1\bin\server

VM Arguments:
jvm_args: -agentlib:jdwp=transport=dt_socket,suspend=y,address=localhost:52242 -ea -javaagent:C:\Users\91955\.eclipse\org.springsource.sts_3.9.7.RELEASE_1874418634_win32_win32_x86_64\configuration\org.eclipse.osgi\306\0\.cp\lib\javaagent-shaded.jar -Dfile.encoding=UTF-8 
java_command: org.eclipse.jdt.internal.junit.runner.RemoteTestRunner -version 3 -port 52241 -testLoaderClass org.eclipse.jdt.internal.junit4.runner.JUnit4TestLoader -loaderpluginname org.eclipse.jdt.junit4.runtime -test com.csv.CsvApplicationTests:testCsvReadResource
java_class_path (initial): C:\Users\91955\Documents\workspace-1\csv\target\test-classes;C:\Users\91955\Documents\workspace-1\csv\target\classes;C:\Users\91955\.m2\repository\org\springframework\boot\spring-boot-starter-web\2.1.4.RELEASE\spring-boot-starter-web-2.1.4.RELEASE.jar;C:\Users\91955\.m2\repository\org\springframework\boot\spring-boot-starter\2.1.4.RELEASE\spring-boot-starter-2.1.4.RELEASE.jar;C:\Users\91955\.m2\repository\org\springframework\boot\spring-boot\2.1.4.RELEASE\spring-boot-2.1.4.RELEASE.jar;C:\Users\91955\.m2\repository\org\springframework\boot\spring-boot-autoconfigure\2.1.4.RELEASE\spring-boot-autoconfigure-2.1.4.RELEASE.jar;C:\Users\91955\.m2\repository\org\springframework\boot\spring-boot-starter-logging\2.1.4.RELEASE\spring-boot-starter-logging-2.1.4.RELEASE.jar;C:\Users\91955\.m2\repository\ch\qos\logback\logback-classic\1.2.3\logback-classic-1.2.3.jar;C:\Users\91955\.m2\repository\ch\qos\logback\logback-core\1.2.3\logback-core-1.2.3.jar;C:\Users\91955\.m2\repository\org\apache\logging\log4j\log4j-to-slf4j\2.11.2\log4j-to-slf4j-2.11.2.jar;C:\Users\91955\.m2\repository\org\apache\logging\log4j\log4j-api\2.11.2\log4j-api-2.11.2.jar;C:\Users\91955\.m2\repository\org\slf4j\jul-to-slf4j\1.7.26\jul-to-slf4j-1.7.26.jar;C:\Users\91955\.m2\repository\javax\annotation\javax.annotation-api\1.3.2\javax.annotation-api-1.3.2.jar;C:\Users\91955\.m2\repository\org\yaml\snakeyaml\1.23\snakeyaml-1.23.jar;C:\Users\91955\.m2\repository\org\springframework\boot\spring-boot-starter-json\2.1.4.RELEASE\spring-boot-starter-json-2.1.4.RELEASE.jar;C:\Users\91955\.m2\repository\com\fasterxml\jackson\core\jackson-databind\2.9.8\jackson-databind-2.9.8.jar;C:\Users\91955\.m2\repository\com\fasterxml\jackson\core\jackson-annotations\2.9.0\jackson-annotations-2.9.0.jar;C:\Users\91955\.m2\repository\com\fasterxml\jackson\core\jackson-core\2.9.8\jackson-core-2.9.8.jar;C:\Users\91955\.m2\repository\com\fasterxml\jackson\datatype\jackson-datatype-jdk8\2.9.8\jackson-datatype
Launcher Type: SUN_STANDARD

[Global flags]
     intx CICompilerCount                          = 4                                         {product} {ergonomic}
     uint ConcGCThreads                            = 2                                         {product} {ergonomic}
     uint G1ConcRefinementThreads                  = 8                                         {product} {ergonomic}
   size_t G1HeapRegionSize                         = 1048576                                   {product} {ergonomic}
    uintx GCDrainStackTargetSize                   = 64                                        {product} {ergonomic}
   size_t InitialHeapSize                          = 134217728                                 {product} {ergonomic}
   size_t MarkStackSize                            = 4194304                                   {product} {ergonomic}
   size_t MaxHeapSize                              = 2122317824                                {product} {ergonomic}
   size_t MaxNewSize                               = 1272971264                                {product} {ergonomic}
   size_t MinHeapDeltaBytes                        = 1048576                                   {product} {ergonomic}
    uintx NonNMethodCodeHeapSize                   = 5835340                                {pd product} {ergonomic}
    uintx NonProfiledCodeHeapSize                  = 122911450                              {pd product} {ergonomic}
    uintx ProfiledCodeHeapSize                     = 122911450                              {pd product} {ergonomic}
    uintx ReservedCodeCacheSize                    = 251658240                              {pd product} {ergonomic}
     bool SegmentedCodeCache                       = true                                      {product} {ergonomic}
     bool UseCompressedClassPointers               = true                                 {lp64_product} {ergonomic}
     bool UseCompressedOops                        = true                                 {lp64_product} {ergonomic}
     bool UseG1GC                                  = true                                      {product} {ergonomic}
     bool UseLargePagesIndividualAllocation        = false                                  {pd product} {ergonomic}

Logging:
Log output configuration:
 #0: stdout all=warning uptime,level,tags
 #1: stderr all=off uptime,level,tags

Environment Variables:
PATH=C:/Program Files/Java/jdk-11.0.1/bin/server;C:/Program Files/Java/jdk-11.0.1/bin;C:\Program Files (x86)\Intel\Intel(R) Management Engine Components\iCLS\;C:\Program Files\Intel\Intel(R) Management Engine Components\iCLS\;C:\Windows\system32;C:\Windows;C:\Windows\System32\Wbem;C:\Windows\System32\WindowsPowerShell\v1.0\;C:\Windows\System32\OpenSSH\;C:\Program Files (x86)\Intel\Intel(R) Management Engine Components\DAL;C:\Program Files\Intel\Intel(R) Management Engine Components\DAL;C:\Program Files (x86)\Intel\Intel(R) Management Engine Components\IPT;C:\Program Files\Intel\Intel(R) Management Engine Components\IPT;C:\Program Files (x86)\NVIDIA Corporation\PhysX\Common;C:\PostgreSQL\pg11\bin;C:\Program Files\nodejs\;C:\Program Files\PuTTY\;C:\Users\91955\AppData\Local\Microsoft\WindowsApps;C:\Users\91955\AppData\Roaming\npm;C:\Users\91955\AppData\Local\Programs\Microsoft VS Code\bin;C:\Users\91955\AppData\Local\GitHubDesktop\bin;C:\Program Files\sts\sts-bundle\sts-3.9.7.RELEASE;
USERNAME=91955
OS=Windows_NT
PROCESSOR_IDENTIFIER=Intel64 Family 6 Model 142 Stepping 10, GenuineIntel



---------------  S Y S T E M  ---------------

OS: Windows 10 , 64 bit Build 17763 (10.0.17763.437)

CPU:total 8 (initial active 8) (4 cores per cpu, 2 threads per core) family 6 model 142 stepping 10, cmov, cx8, fxsr, mmx, sse, sse2, sse3, ssse3, sse4.1, sse4.2, popcnt, avx, avx2, aes, clmul, erms, 3dnowpref, lzcnt, ht, tsc, tscinvbit, bmi1, bmi2, adx, fma

Memory: 4k page, system-wide physical 8089M (1222M free)
TotalPageFile size 18841M (AvailPageFile size 4229M)
current process WorkingSet (physical memory assigned to process): 226M, peak: 290M
current process commit charge ("private bytes"): 306M, peak: 381M

vm_info: Java HotSpot(TM) 64-Bit Server VM (11.0.1+13-LTS) for windows-amd64 JRE (11.0.1+13-LTS), built on Oct  6 2018 13:20:16 by "mach5one" with MS VC++ 15.5 (VS2017)

END.
